[INFO] [launch]: All log files can be found below /home/docker/.ros/log/2026-07-22-06-51-42-978227-67d4b1d39687-8766
[INFO] [launch]: Default logging verbosity is set to INFO
[INFO] [gazebo-1]: process started with pid [8794]
[INFO] [create-2]: process started with pid [8796]
[create-2] [INFO] [1784703103.327877338] [ros_gz_sim]: Requesting list of world names.
[create-2] [INFO] [1784703104.414914297] [ros_gz_sim]: Entity creation successful.
[INFO] [create-2]: process has finished cleanly [pid 8796]
[INFO] [launch.user]: Robot Model Uploaded
[INFO] [parameter_bridge-3]: process started with pid [8832]
[parameter_bridge-3] [INFO] [1784703104.600411922] [ros_gz_bridge]: Creating GZ->ROS Bridge: [/model/rexrov/joint/thruster1_joint/cmd_thrust (gz.msgs.Double) -> /model/rexrov/joint/thruster1_joint/cmd_thrust (std_msgs/msg/Float64)] (Lazy 0)
[parameter_bridge-3] [INFO] [1784703104.601875505] [ros_gz_bridge]: Creating ROS->GZ Bridge: [/model/rexrov/joint/thruster1_joint/cmd_thrust (std_msgs/msg/Float64) -> /model/rexrov/joint/thruster1_joint/cmd_thrust (gz.msgs.Double)] (Lazy 0)
[parameter_bridge-3] [INFO] [1784703104.602641963] [ros_gz_bridge]: Creating GZ->ROS Bridge: [/model/rexrov/joint/thruster2_joint/cmd_thrust (gz.msgs.Double) -> /model/rexrov/joint/thruster2_joint/cmd_thrust (std_msgs/msg/Float64)] (Lazy 0)
[parameter_bridge-3] [INFO] [1784703104.603684047] [ros_gz_bridge]: Creating ROS->GZ Bridge: [/model/rexrov/joint/thruster2_joint/cmd_thrust (std_msgs/msg/Float64) -> /model/rexrov/joint/thruster2_joint/cmd_thrust (gz.msgs.Double)] (Lazy 0)
[parameter_bridge-3] [INFO] [1784703104.604232505] [ros_gz_bridge]: Creating GZ->ROS Bridge: [/model/rexrov/joint/thruster3_joint/cmd_thrust (gz.msgs.Double) -> /model/rexrov/joint/thruster3_joint/cmd_thrust (std_msgs/msg/Float64)] (Lazy 0)
[parameter_bridge-3] [INFO] [1784703104.604833588] [ros_gz_bridge]: Creating ROS->GZ Bridge: [/model/rexrov/joint/thruster3_joint/cmd_thrust (std_msgs/msg/Float64) -> /model/rexrov/joint/thruster3_joint/cmd_thrust (gz.msgs.Double)] (Lazy 0)
[parameter_bridge-3] [INFO] [1784703104.605302338] [ros_gz_bridge]: Creating GZ->ROS Bridge: [/model/rexrov/joint/thruster4_joint/cmd_thrust (gz.msgs.Double) -> /model/rexrov/joint/thruster4_joint/cmd_thrust (std_msgs/msg/Float64)] (Lazy 0)
[parameter_bridge-3] [INFO] [1784703104.605457213] [ros_gz_bridge]: Creating ROS->GZ Bridge: [/model/rexrov/joint/thruster4_joint/cmd_thrust (std_msgs/msg/Float64) -> /model/rexrov/joint/thruster4_joint/cmd_thrust (gz.msgs.Double)] (Lazy 0)
[parameter_bridge-3] [INFO] [1784703104.606168213] [ros_gz_bridge]: Creating GZ->ROS Bridge: [/model/rexrov/joint/thruster5_joint/cmd_thrust (gz.msgs.Double) -> /model/rexrov/joint/thruster5_joint/cmd_thrust (std_msgs/msg/Float64)] (Lazy 0)
[parameter_bridge-3] [INFO] [1784703104.606318713] [ros_gz_bridge]: Creating ROS->GZ Bridge: [/model/rexrov/joint/thruster5_joint/cmd_thrust (std_msgs/msg/Float64) -> /model/rexrov/joint/thruster5_joint/cmd_thrust (gz.msgs.Double)] (Lazy 0)
[parameter_bridge-3] [INFO] [1784703104.606458047] [ros_gz_bridge]: Creating GZ->ROS Bridge: [/model/rexrov/joint/thruster6_joint/cmd_thrust (gz.msgs.Double) -> /model/rexrov/joint/thruster6_joint/cmd_thrust (std_msgs/msg/Float64)] (Lazy 0)
[parameter_bridge-3] [INFO] [1784703104.606594422] [ros_gz_bridge]: Creating ROS->GZ Bridge: [/model/rexrov/joint/thruster6_joint/cmd_thrust (std_msgs/msg/Float64) -> /model/rexrov/joint/thruster6_joint/cmd_thrust (gz.msgs.Double)] (Lazy 0)
[parameter_bridge-3] [INFO] [1784703104.606756047] [ros_gz_bridge]: Creating GZ->ROS Bridge: [/model/rexrov/joint/thruster7_joint/cmd_thrust (gz.msgs.Double) -> /model/rexrov/joint/thruster7_joint/cmd_thrust (std_msgs/msg/Float64)] (Lazy 0)
[parameter_bridge-3] [INFO] [1784703104.606882797] [ros_gz_bridge]: Creating ROS->GZ Bridge: [/model/rexrov/joint/thruster7_joint/cmd_thrust (std_msgs/msg/Float64) -> /model/rexrov/joint/thruster7_joint/cmd_thrust (gz.msgs.Double)] (Lazy 0)
[parameter_bridge-3] [INFO] [1784703104.607743880] [ros_gz_bridge]: Creating GZ->ROS Bridge: [/model/rexrov/joint/thruster8_joint/cmd_thrust (gz.msgs.Double) -> /model/rexrov/joint/thruster8_joint/cmd_thrust (std_msgs/msg/Float64)] (Lazy 0)
[parameter_bridge-3] [INFO] [1784703104.608345755] [ros_gz_bridge]: Creating ROS->GZ Bridge: [/model/rexrov/joint/thruster8_joint/cmd_thrust (std_msgs/msg/Float64) -> /model/rexrov/joint/thruster8_joint/cmd_thrust (gz.msgs.Double)] (Lazy 0)
[parameter_bridge-3] [INFO] [1784703104.609024713] [ros_gz_bridge]: Creating GZ->ROS Bridge: [/model/rexrov/joint/thruster1_joint/ang_vel (gz.msgs.Double) -> /model/rexrov/joint/thruster1_joint/ang_vel (std_msgs/msg/Float64)] (Lazy 0)
[parameter_bridge-3] [INFO] [1784703104.609869422] [ros_gz_bridge]: Creating ROS->GZ Bridge: [/model/rexrov/joint/thruster1_joint/ang_vel (std_msgs/msg/Float64) -> /model/rexrov/joint/thruster1_joint/ang_vel (gz.msgs.Double)] (Lazy 0)
[parameter_bridge-3] [INFO] [1784703104.610370797] [ros_gz_bridge]: Creating GZ->ROS Bridge: [/model/rexrov/joint/thruster2_joint/ang_vel (gz.msgs.Double) -> /model/rexrov/joint/thruster2_joint/ang_vel (std_msgs/msg/Float64)] (Lazy 0)
[parameter_bridge-3] [INFO] [1784703104.611213463] [ros_gz_bridge]: Creating ROS->GZ Bridge: [/model/rexrov/joint/thruster2_joint/ang_vel (std_msgs/msg/Float64) -> /model/rexrov/joint/thruster2_joint/ang_vel (gz.msgs.Double)] (Lazy 0)
[parameter_bridge-3] [INFO] [1784703104.611703463] [ros_gz_bridge]: Creating GZ->ROS Bridge: [/model/rexrov/joint/thruster3_joint/ang_vel (gz.msgs.Double) -> /model/rexrov/joint/thruster3_joint/ang_vel (std_msgs/msg/Float64)] (Lazy 0)
[parameter_bridge-3] [INFO] [1784703104.612392213] [ros_gz_bridge]: Creating ROS->GZ Bridge: [/model/rexrov/joint/thruster3_joint/ang_vel (std_msgs/msg/Float64) -> /model/rexrov/joint/thruster3_joint/ang_vel (gz.msgs.Double)] (Lazy 0)
[parameter_bridge-3] [INFO] [1784703104.612885547] [ros_gz_bridge]: Creating GZ->ROS Bridge: [/model/rexrov/joint/thruster4_joint/ang_vel (gz.msgs.Double) -> /model/rexrov/joint/thruster4_joint/ang_vel (std_msgs/msg/Float64)] (Lazy 0)
[parameter_bridge-3] [INFO] [1784703104.613535797] [ros_gz_bridge]: Creating ROS->GZ Bridge: [/model/rexrov/joint/thruster4_joint/ang_vel (std_msgs/msg/Float64) -> /model/rexrov/joint/thruster4_joint/ang_vel (gz.msgs.Double)] (Lazy 0)
[parameter_bridge-3] [INFO] [1784703104.614011672] [ros_gz_bridge]: Creating GZ->ROS Bridge: [/model/rexrov/joint/thruster5_joint/ang_vel (gz.msgs.Double) -> /model/rexrov/joint/thruster5_joint/ang_vel (std_msgs/msg/Float64)] (Lazy 0)
[parameter_bridge-3] [INFO] [1784703104.614765547] [ros_gz_bridge]: Creating ROS->GZ Bridge: [/model/rexrov/joint/thruster5_joint/ang_vel (std_msgs/msg/Float64) -> /model/rexrov/joint/thruster5_joint/ang_vel (gz.msgs.Double)] (Lazy 0)
[parameter_bridge-3] [INFO] [1784703104.615190838] [ros_gz_bridge]: Creating GZ->ROS Bridge: [/model/rexrov/joint/thruster6_joint/ang_vel (gz.msgs.Double) -> /model/rexrov/joint/thruster6_joint/ang_vel (std_msgs/msg/Float64)] (Lazy 0)
[parameter_bridge-3] [INFO] [1784703104.615930005] [ros_gz_bridge]: Creating ROS->GZ Bridge: [/model/rexrov/joint/thruster6_joint/ang_vel (std_msgs/msg/Float64) -> /model/rexrov/joint/thruster6_joint/ang_vel (gz.msgs.Double)] (Lazy 0)
[parameter_bridge-3] [INFO] [1784703104.616369255] [ros_gz_bridge]: Creating GZ->ROS Bridge: [/model/rexrov/joint/thruster7_joint/ang_vel (gz.msgs.Double) -> /model/rexrov/joint/thruster7_joint/ang_vel (std_msgs/msg/Float64)] (Lazy 0)
[parameter_bridge-3] [INFO] [1784703104.617017713] [ros_gz_bridge]: Creating ROS->GZ Bridge: [/model/rexrov/joint/thruster7_joint/ang_vel (std_msgs/msg/Float64) -> /model/rexrov/joint/thruster7_joint/ang_vel (gz.msgs.Double)] (Lazy 0)
[parameter_bridge-3] [INFO] [1784703104.617404838] [ros_gz_bridge]: Creating GZ->ROS Bridge: [/model/rexrov/joint/thruster8_joint/ang_vel (gz.msgs.Double) -> /model/rexrov/joint/thruster8_joint/ang_vel (std_msgs/msg/Float64)] (Lazy 0)
[parameter_bridge-3] [INFO] [1784703104.617778255] [ros_gz_bridge]: Creating ROS->GZ Bridge: [/model/rexrov/joint/thruster8_joint/ang_vel (std_msgs/msg/Float64) -> /model/rexrov/joint/thruster8_joint/ang_vel (gz.msgs.Double)] (Lazy 0)
[parameter_bridge-3] [INFO] [1784703104.618191838] [ros_gz_bridge]: Creating GZ->ROS Bridge: [/model/rexrov/joint/thruster1_joint/enable_deadband (gz.msgs.Boolean) -> /model/rexrov/joint/thruster1_joint/enable_deadband (std_msgs/msg/Bool)] (Lazy 0)
[parameter_bridge-3] [INFO] [1784703104.618761172] [ros_gz_bridge]: Creating ROS->GZ Bridge: [/model/rexrov/joint/thruster1_joint/enable_deadband (std_msgs/msg/Bool) -> /model/rexrov/joint/thruster1_joint/enable_deadband (gz.msgs.Boolean)] (Lazy 0)
[parameter_bridge-3] [INFO] [1784703104.619191797] [ros_gz_bridge]: Creating GZ->ROS Bridge: [/model/rexrov/joint/thruster2_joint/enable_deadband (gz.msgs.Boolean) -> /model/rexrov/joint/thruster2_joint/enable_deadband (std_msgs/msg/Bool)] (Lazy 0)
[parameter_bridge-3] [INFO] [1784703104.619605005] [ros_gz_bridge]: Creating ROS->GZ Bridge: [/model/rexrov/joint/thruster2_joint/enable_deadband (std_msgs/msg/Bool) -> /model/rexrov/joint/thruster2_joint/enable_deadband (gz.msgs.Boolean)] (Lazy 0)
[parameter_bridge-3] [INFO] [1784703104.620021047] [ros_gz_bridge]: Creating GZ->ROS Bridge: [/model/rexrov/joint/thruster3_joint/enable_deadband (gz.msgs.Boolean) -> /model/rexrov/joint/thruster3_joint/enable_deadband (std_msgs/msg/Bool)] (Lazy 0)
[parameter_bridge-3] [INFO] [1784703104.620462422] [ros_gz_bridge]: Creating ROS->GZ Bridge: [/model/rexrov/joint/thruster3_joint/enable_deadband (std_msgs/msg/Bool) -> /model/rexrov/joint/thruster3_joint/enable_deadband (gz.msgs.Boolean)] (Lazy 0)
[parameter_bridge-3] [INFO] [1784703104.620917922] [ros_gz_bridge]: Creating GZ->ROS Bridge: [/model/rexrov/joint/thruster4_joint/enable_deadband (gz.msgs.Boolean) -> /model/rexrov/joint/thruster4_joint/enable_deadband (std_msgs/msg/Bool)] (Lazy 0)
[parameter_bridge-3] [INFO] [1784703104.621274797] [ros_gz_bridge]: Creating ROS->GZ Bridge: [/model/rexrov/joint/thruster4_joint/enable_deadband (std_msgs/msg/Bool) -> /model/rexrov/joint/thruster4_joint/enable_deadband (gz.msgs.Boolean)] (Lazy 0)
[parameter_bridge-3] [INFO] [1784703104.621704422] [ros_gz_bridge]: Creating GZ->ROS Bridge: [/model/rexrov/joint/thruster5_joint/enable_deadband (gz.msgs.Boolean) -> /model/rexrov/joint/thruster5_joint/enable_deadband (std_msgs/msg/Bool)] (Lazy 0)
[parameter_bridge-3] [INFO] [1784703104.622104672] [ros_gz_bridge]: Creating ROS->GZ Bridge: [/model/rexrov/joint/thruster5_joint/enable_deadband (std_msgs/msg/Bool) -> /model/rexrov/joint/thruster5_joint/enable_deadband (gz.msgs.Boolean)] (Lazy 0)
[parameter_bridge-3] [INFO] [1784703104.622554422] [ros_gz_bridge]: Creating GZ->ROS Bridge: [/model/rexrov/joint/thruster6_joint/enable_deadband (gz.msgs.Boolean) -> /model/rexrov/joint/thruster6_joint/enable_deadband (std_msgs/msg/Bool)] (Lazy 0)
[parameter_bridge-3] [INFO] [1784703104.622934630] [ros_gz_bridge]: Creating ROS->GZ Bridge: [/model/rexrov/joint/thruster6_joint/enable_deadband (std_msgs/msg/Bool) -> /model/rexrov/joint/thruster6_joint/enable_deadband (gz.msgs.Boolean)] (Lazy 0)
[parameter_bridge-3] [INFO] [1784703104.623316505] [ros_gz_bridge]: Creating GZ->ROS Bridge: [/model/rexrov/joint/thruster7_joint/enable_deadband (gz.msgs.Boolean) -> /model/rexrov/joint/thruster7_joint/enable_deadband (std_msgs/msg/Bool)] (Lazy 0)
[parameter_bridge-3] [INFO] [1784703104.623627463] [ros_gz_bridge]: Creating ROS->GZ Bridge: [/model/rexrov/joint/thruster7_joint/enable_deadband (std_msgs/msg/Bool) -> /model/rexrov/joint/thruster7_joint/enable_deadband (gz.msgs.Boolean)] (Lazy 0)
[parameter_bridge-3] [INFO] [1784703104.624914422] [ros_gz_bridge]: Creating GZ->ROS Bridge: [/model/rexrov/joint/thruster8_joint/enable_deadband (gz.msgs.Boolean) -> /model/rexrov/joint/thruster8_joint/enable_deadband (std_msgs/msg/Bool)] (Lazy 0)
[parameter_bridge-3] [INFO] [1784703104.625277172] [ros_gz_bridge]: Creating ROS->GZ Bridge: [/model/rexrov/joint/thruster8_joint/enable_deadband (std_msgs/msg/Bool) -> /model/rexrov/joint/thruster8_joint/enable_deadband (gz.msgs.Boolean)] (Lazy 0)
[parameter_bridge-3] [INFO] [1784703104.625569380] [ros_gz_bridge]: Creating GZ->ROS Bridge: [/model/rexrov/odometry (gz.msgs.Odometry) -> /model/rexrov/odometry (nav_msgs/msg/Odometry)] (Lazy 0)
[parameter_bridge-3] [INFO] [1784703104.627751172] [ros_gz_bridge]: Creating ROS->GZ Bridge: [/model/rexrov/odometry (nav_msgs/msg/Odometry) -> /model/rexrov/odometry (gz.msgs.Odometry)] (Lazy 0)
[parameter_bridge-3] [INFO] [1784703104.628077630] [ros_gz_bridge]: Creating GZ->ROS Bridge: [/model/rexrov/odometry_with_covariance (gz.msgs.OdometryWithCovariance) -> /model/rexrov/odometry_with_covariance (nav_msgs/msg/Odometry)] (Lazy 0)
[parameter_bridge-3] [INFO] [1784703104.628292047] [ros_gz_bridge]: Creating ROS->GZ Bridge: [/model/rexrov/odometry_with_covariance (nav_msgs/msg/Odometry) -> /model/rexrov/odometry_with_covariance (gz.msgs.OdometryWithCovariance)] (Lazy 0)
[parameter_bridge-3] [INFO] [1784703104.630264338] [ros_gz_bridge]: Creating GZ->ROS Bridge: [/model/rexrov/pose (gz.msgs.Pose_V) -> /model/rexrov/pose (geometry_msgs/msg/PoseArray)] (Lazy 0)
[parameter_bridge-3] [INFO] [1784703104.631038922] [ros_gz_bridge]: Creating ROS->GZ Bridge: [/model/rexrov/pose (geometry_msgs/msg/PoseArray) -> /model/rexrov/pose (gz.msgs.Pose_V)] (Lazy 0)
[parameter_bridge-3] [INFO] [1784703104.631834297] [ros_gz_bridge]: Creating GZ->ROS Bridge: [/model/rexrov/imu (gz.msgs.IMU) -> /model/rexrov/imu (sensor_msgs/msg/Imu)] (Lazy 0)
[parameter_bridge-3] [INFO] [1784703104.634568255] [ros_gz_bridge]: Creating ROS->GZ Bridge: [/model/rexrov/imu (sensor_msgs/msg/Imu) -> /model/rexrov/imu (gz.msgs.IMU)] (Lazy 0)
[parameter_bridge-3] [INFO] [1784703104.636451255] [ros_gz_bridge]: Creating GZ->ROS Bridge: [/model/rexrov/magnetometer (gz.msgs.Magnetometer) -> /model/rexrov/magnetometer (sensor_msgs/msg/MagneticField)] (Lazy 0)
[parameter_bridge-3] [INFO] [1784703104.637524297] [ros_gz_bridge]: Creating ROS->GZ Bridge: [/model/rexrov/magnetometer (sensor_msgs/msg/MagneticField) -> /model/rexrov/magnetometer (gz.msgs.Magnetometer)] (Lazy 0)
[parameter_bridge-3] [INFO] [1784703104.638251213] [ros_gz_bridge]: Creating GZ->ROS Bridge: [/model/rexrov/camera/image (gz.msgs.Image) -> /model/rexrov/camera/image (sensor_msgs/msg/Image)] (Lazy 0)
[parameter_bridge-3] [INFO] [1784703104.638903422] [ros_gz_bridge]: Creating ROS->GZ Bridge: [/model/rexrov/camera/image (sensor_msgs/msg/Image) -> /model/rexrov/camera/image (gz.msgs.Image)] (Lazy 0)
[parameter_bridge-3] [INFO] [1784703104.639730963] [ros_gz_bridge]: Creating GZ->ROS Bridge: [/model/rexrov/camera/camera_info (gz.msgs.CameraInfo) -> /model/rexrov/camera/camera_info (sensor_msgs/msg/CameraInfo)] (Lazy 0)
[parameter_bridge-3] [INFO] [1784703104.640428505] [ros_gz_bridge]: Creating ROS->GZ Bridge: [/model/rexrov/camera/camera_info (sensor_msgs/msg/CameraInfo) -> /model/rexrov/camera/camera_info (gz.msgs.CameraInfo)] (Lazy 0)
[parameter_bridge-3] [INFO] [1784703104.708532672] [ros_gz_bridge]: Passing message from ROS sensor_msgs/msg/Image to Gazebo gz.msgs.Image (showing msg only once per type)
[gazebo-1] (2026-07-22 06:51:45.553) [error] [SimulationRunner.cc:274] Another world of the same name is running
[parameter_bridge-3] [INFO] [1784703107.584562756] [ros_gz_bridge]: Passing message from ROS std_msgs/msg/Float64 to Gazebo gz.msgs.Double (showing msg only once per type)
[parameter_bridge-3] [INFO] [1784703110.589490633] [ros_gz_bridge]: Passing message from ROS nav_msgs/msg/Odometry to Gazebo gz.msgs.OdometryWithCovariance (showing msg only once per type)
[parameter_bridge-3] [INFO] [1784703110.601408300] [ros_gz_bridge]: Passing message from ROS nav_msgs/msg/Odometry to Gazebo gz.msgs.Odometry (showing msg only once per type)
[parameter_bridge-3] [INFO] [1784703111.383602925] [ros_gz_bridge]: Passing message from ROS geometry_msgs/msg/PoseArray to Gazebo gz.msgs.Pose_V (showing msg only once per type)
[parameter_bridge-3] [INFO] [1784703115.634024844] [ros_gz_bridge]: Passing message from ROS sensor_msgs/msg/MagneticField to Gazebo gz.msgs.Magnetometer (showing msg only once per type)
[parameter_bridge-3] [INFO] [1784703116.679458219] [ros_gz_bridge]: P[gazebo-1] Killed
[ERROR] [gazebo-1]: process has died [pid 8534, exit code 137, cmd 'ruby /opt/ros/lyrical/opt/gz_tools_vendor/bin/gz sim /home/docker/dave_ws/install/share/dave_worlds/worlds/dave_ocean_waves.world -s -r --force-version 10'].
[ERROR] [parameter_bridge-3]: process has died [pid 8603, exit code -9, cmd '/opt/ros/lyrical/lib/ros_gz_bridge/parameter_bridge /model/rexrov/joint/thruster1_joint/cmd_thrust@std_msgs/msg/Float64@gz.msgs.Double /model/rexrov/joint/thruster2_joint/cmd_thrust@std_msgs/msg/Float64@gz.msgs.Double /model/rexrov/joint/thruster3_joint/cmd_thrust@std_msgs/msg/Float64@gz.msgs.Double /model/rexrov/joint/thruster4_joint/cmd_thrust@std_msgs/msg/Float64@gz.msgs.Double /model/rexrov/joint/thruster5_joint/cmd_thrust@std_msgs/msg/Float64@gz.msgs.Double /model/rexrov/joint/thruster6_joint/cmd_thrust@std_msgs/msg/Float64@gz.msgs.Double /model/rexrov/joint/thruster7_joint/cmd_thrust@std_msgs/msg/Float64@gz.msgs.Double /model/rexrov/joint/thruster8_joint/cmd_thrust@std_msgs/msg/Float64@gz.msgs.Double /model/rexrov/joint/thruster1_joint/ang_vel@std_msgs/msg/Float64@gz.msgs.Double /model/rexrov/joint/thruster2_joint/ang_vel@std_msgs/msg/Float64@gz.msgs.Double /model/rexrov/joint/thruster3_joint/ang_vel@std_msgs/msg/Float64@gz.msgs.Double /model/rexrov/joint/thruster4_joint/ang_vel@std_msgs/msg/Float64@gz.msgs.Double /model/rexrov/joint/thruster5_joint/ang_vel@std_msgs/msg/Float64@gz.msgs.Double /model/rexrov/joint/thruster6_joint/ang_vel@std_msgs/msg/Float64@gz.msgs.Double /model/rexrov/joint/thruster7_joint/ang_vel@std_msgs/msg/Float64@gz.msgs.Double /model/rexrov/joint/thruster8_joint/ang_vel@std_msgs/msg/Float64@gz.msgs.Double /model/rexrov/joint/thruster1_joint/enable_deadband@std_msgs/msg/Bool@gz.msgs.Boolean /model/rexrov/joint/thruster2_joint/enable_deadband@std_msgs/msg/Bool@gz.msgs.Boolean /model/rexrov/joint/thruster3_joint/enable_deadband@std_msgs/msg/Bool@gz.msgs.Boolean /model/rexrov/joint/thruster4_joint/enable_deadband@std_msgs/msg/Bool@gz.msgs.Boolean /model/rexrov/joint/thruster5_joint/enable_deadband@std_msgs/msg/Bool@gz.msgs.Boolean /model/rexrov/joint/thruster6_joint/enable_deadband@std_msgs/msg/Bool@gz.msgs.Boolean /model/rexrov/joint/thruster7_joint/enable_deadband@std_msgs/msg/Bool@gz.msgs.Boolean /model/rexrov/joint/thruster8_joint/enable_deadband@std_msgs/msg/Bool@gz.msgs.Boolean /model/rexrov/odometry@nav_msgs/msg/Odometry@gz.msgs.Odometry /model/rexrov/odometry_with_covariance@nav_msgs/msg/Odometry@gz.msgs.OdometryWithCovariance /model/rexrov/pose@geometry_msgs/msg/PoseArray@gz.msgs.Pose_V /model/rexrov/imu@sensor_msgs/msg/Imu@gz.msgs.IMU /model/rexrov/magnetometer@sensor_msgs/msg/MagneticField@gz.msgs.Magnetometer /model/rexrov/camera/image@sensor_msgs/msg/Image@gz.msgs.Image /model/rexrov/camera/camera_info@sensor_msgs/msg/CameraInfo@gz.msgs.CameraInfo --ros-args'].
