[INFO] [launch]: All log files can be found below /home/docker/.ros/log/2026-07-23-00-28-01-326930-67d4b1d39687-12099
[INFO] [launch]: Default logging verbosity is set to INFO
[INFO] [gazebo-1]: process started with pid [12105]
[INFO] [create-2]: process started with pid [12106]
[create-2] [INFO] [1784766482.148507751] [ros_gz_sim]: Requesting list of world names.
[create-2] [INFO] [1784766484.931895502] [ros_gz_sim]: Entity creation successful.
[INFO] [create-2]: process has finished cleanly [pid 12106]
[INFO] [launch.user]: Robot Model Uploaded
[INFO] [parameter_bridge-3]: process started with pid [12174]
[parameter_bridge-3] [INFO] [1784766485.465158628] [ros_gz_bridge]: Creating GZ->ROS Bridge: [/model/rexrov/joint/thruster1_joint/cmd_thrust (gz.msgs.Double) -> /model/rexrov/joint/thruster1_joint/cmd_thrust (std_msgs/msg/Float64)] (Lazy 0)
[parameter_bridge-3] [INFO] [1784766485.476990794] [ros_gz_bridge]: Creating ROS->GZ Bridge: [/model/rexrov/joint/thruster1_joint/cmd_thrust (std_msgs/msg/Float64) -> /model/rexrov/joint/thruster1_joint/cmd_thrust (gz.msgs.Double)] (Lazy 0)
[parameter_bridge-3] [INFO] [1784766485.479691003] [ros_gz_bridge]: Creating GZ->ROS Bridge: [/model/rexrov/joint/thruster2_joint/cmd_thrust (gz.msgs.Double) -> /model/rexrov/joint/thruster2_joint/cmd_thrust (std_msgs/msg/Float64)] (Lazy 0)
[parameter_bridge-3] [INFO] [1784766485.480319044] [ros_gz_bridge]: Creating ROS->GZ Bridge: [/model/rexrov/joint/thruster2_joint/cmd_thrust (std_msgs/msg/Float64) -> /model/rexrov/joint/thruster2_joint/cmd_thrust (gz.msgs.Double)] (Lazy 0)
[parameter_bridge-3] [INFO] [1784766485.481079628] [ros_gz_bridge]: Creating GZ->ROS Bridge: [/model/rexrov/joint/thruster3_joint/cmd_thrust (gz.msgs.Double) -> /model/rexrov/joint/thruster3_joint/cmd_thrust (std_msgs/msg/Float64)] (Lazy 0)
[parameter_bridge-3] [INFO] [1784766485.481638128] [ros_gz_bridge]: Creating ROS->GZ Bridge: [/model/rexrov/joint/thruster3_joint/cmd_thrust (std_msgs/msg/Float64) -> /model/rexrov/joint/thruster3_joint/cmd_thrust (gz.msgs.Double)] (Lazy 0)
[parameter_bridge-3] [INFO] [1784766485.482509878] [ros_gz_bridge]: Creating GZ->ROS Bridge: [/model/rexrov/joint/thruster4_joint/cmd_thrust (gz.msgs.Double) -> /model/rexrov/joint/thruster4_joint/cmd_thrust (std_msgs/msg/Float64)] (Lazy 0)
[parameter_bridge-3] [INFO] [1784766485.482975794] [ros_gz_bridge]: Creating ROS->GZ Bridge: [/model/rexrov/joint/thruster4_joint/cmd_thrust (std_msgs/msg/Float64) -> /model/rexrov/joint/thruster4_joint/cmd_thrust (gz.msgs.Double)] (Lazy 0)
[parameter_bridge-3] [INFO] [1784766485.483384128] [ros_gz_bridge]: Creating GZ->ROS Bridge: [/model/rexrov/joint/thruster5_joint/cmd_thrust (gz.msgs.Double) -> /model/rexrov/joint/thruster5_joint/cmd_thrust (std_msgs/msg/Float64)] (Lazy 0)
[parameter_bridge-3] [INFO] [1784766485.483717003] [ros_gz_bridge]: Creating ROS->GZ Bridge: [/model/rexrov/joint/thruster5_joint/cmd_thrust (std_msgs/msg/Float64) -> /model/rexrov/joint/thruster5_joint/cmd_thrust (gz.msgs.Double)] (Lazy 0)
[parameter_bridge-3] [INFO] [1784766485.484025294] [ros_gz_bridge]: Creating GZ->ROS Bridge: [/model/rexrov/joint/thruster6_joint/cmd_thrust (gz.msgs.Double) -> /model/rexrov/joint/thruster6_joint/cmd_thrust (std_msgs/msg/Float64)] (Lazy 0)
[parameter_bridge-3] [INFO] [1784766485.484247544] [ros_gz_bridge]: Creating ROS->GZ Bridge: [/model/rexrov/joint/thruster6_joint/cmd_thrust (std_msgs/msg/Float64) -> /model/rexrov/joint/thruster6_joint/cmd_thrust (gz.msgs.Double)] (Lazy 0)
[parameter_bridge-3] [INFO] [1784766485.484528586] [ros_gz_bridge]: Creating GZ->ROS Bridge: [/model/rexrov/joint/thruster7_joint/cmd_thrust (gz.msgs.Double) -> /model/rexrov/joint/thruster7_joint/cmd_thrust (std_msgs/msg/Float64)] (Lazy 0)
[parameter_bridge-3] [INFO] [1784766485.484774003] [ros_gz_bridge]: Creating ROS->GZ Bridge: [/model/rexrov/joint/thruster7_joint/cmd_thrust (std_msgs/msg/Float64) -> /model/rexrov/joint/thruster7_joint/cmd_thrust (gz.msgs.Double)] (Lazy 0)
[parameter_bridge-3] [INFO] [1784766485.485811003] [ros_gz_bridge]: Creating GZ->ROS Bridge: [/model/rexrov/joint/thruster8_joint/cmd_thrust (gz.msgs.Double) -> /model/rexrov/joint/thruster8_joint/cmd_thrust (std_msgs/msg/Float64)] (Lazy 0)
[parameter_bridge-3] [INFO] [1784766485.486635336] [ros_gz_bridge]: Creating ROS->GZ Bridge: [/model/rexrov/joint/thruster8_joint/cmd_thrust (std_msgs/msg/Float64) -> /model/rexrov/joint/thruster8_joint/cmd_thrust (gz.msgs.Double)] (Lazy 0)
[parameter_bridge-3] [INFO] [1784766485.487731753] [ros_gz_bridge]: Creating GZ->ROS Bridge: [/model/rexrov/joint/thruster1_joint/ang_vel (gz.msgs.Double) -> /model/rexrov/joint/thruster1_joint/ang_vel (std_msgs/msg/Float64)] (Lazy 0)
[parameter_bridge-3] [INFO] [1784766485.489057836] [ros_gz_bridge]: Creating ROS->GZ Bridge: [/model/rexrov/joint/thruster1_joint/ang_vel (std_msgs/msg/Float64) -> /model/rexrov/joint/thruster1_joint/ang_vel (gz.msgs.Double)] (Lazy 0)
[parameter_bridge-3] [INFO] [1784766485.490172128] [ros_gz_bridge]: Creating GZ->ROS Bridge: [/model/rexrov/joint/thruster2_joint/ang_vel (gz.msgs.Double) -> /model/rexrov/joint/thruster2_joint/ang_vel (std_msgs/msg/Float64)] (Lazy 0)
[parameter_bridge-3] [INFO] [1784766485.490694128] [ros_gz_bridge]: Creating ROS->GZ Bridge: [/model/rexrov/joint/thruster2_joint/ang_vel (std_msgs/msg/Float64) -> /model/rexrov/joint/thruster2_joint/ang_vel (gz.msgs.Double)] (Lazy 0)
[parameter_bridge-3] [INFO] [1784766485.491529044] [ros_gz_bridge]: Creating GZ->ROS Bridge: [/model/rexrov/joint/thruster3_joint/ang_vel (gz.msgs.Double) -> /model/rexrov/joint/thruster3_joint/ang_vel (std_msgs/msg/Float64)] (Lazy 0)
[parameter_bridge-3] [INFO] [1784766485.492004378] [ros_gz_bridge]: Creating ROS->GZ Bridge: [/model/rexrov/joint/thruster3_joint/ang_vel (std_msgs/msg/Float64) -> /model/rexrov/joint/thruster3_joint/ang_vel (gz.msgs.Double)] (Lazy 0)
[parameter_bridge-3] [INFO] [1784766485.492982419] [ros_gz_bridge]: Creating GZ->ROS Bridge: [/model/rexrov/joint/thruster4_joint/ang_vel (gz.msgs.Double) -> /model/rexrov/joint/thruster4_joint/ang_vel (std_msgs/msg/Float64)] (Lazy 0)
[parameter_bridge-3] [INFO] [1784766485.493445961] [ros_gz_bridge]: Creating ROS->GZ Bridge: [/model/rexrov/joint/thruster4_joint/ang_vel (std_msgs/msg/Float64) -> /model/rexrov/joint/thruster4_joint/ang_vel (gz.msgs.Double)] (Lazy 0)
[parameter_bridge-3] [INFO] [1784766485.494343669] [ros_gz_bridge]: Creating GZ->ROS Bridge: [/model/rexrov/joint/thruster5_joint/ang_vel (gz.msgs.Double) -> /model/rexrov/joint/thruster5_joint/ang_vel (std_msgs/msg/Float64)] (Lazy 0)
[parameter_bridge-3] [INFO] [1784766485.494910003] [ros_gz_bridge]: Creating ROS->GZ Bridge: [/model/rexrov/joint/thruster5_joint/ang_vel (std_msgs/msg/Float64) -> /model/rexrov/joint/thruster5_joint/ang_vel (gz.msgs.Double)] (Lazy 0)
[parameter_bridge-3] [INFO] [1784766485.495681794] [ros_gz_bridge]: Creating GZ->ROS Bridge: [/model/rexrov/joint/thruster6_joint/ang_vel (gz.msgs.Double) -> /model/rexrov/joint/thruster6_joint/ang_vel (std_msgs/msg/Float64)] (Lazy 0)
[parameter_bridge-3] [INFO] [1784766485.496414294] [ros_gz_bridge]: Creating ROS->GZ Bridge: [/model/rexrov/joint/thruster6_joint/ang_vel (std_msgs/msg/Float64) -> /model/rexrov/joint/thruster6_joint/ang_vel (gz.msgs.Double)] (Lazy 0)
[parameter_bridge-3] [INFO] [1784766485.497616128] [ros_gz_bridge]: Creating GZ->ROS Bridge: [/model/rexrov/joint/thruster7_joint/ang_vel (gz.msgs.Double) -> /model/rexrov/joint/thruster7_joint/ang_vel (std_msgs/msg/Float64)] (Lazy 0)
[parameter_bridge-3] [INFO] [1784766485.498224003] [ros_gz_bridge]: Creating ROS->GZ Bridge: [/model/rexrov/joint/thruster7_joint/ang_vel (std_msgs/msg/Float64) -> /model/rexrov/joint/thruster7_joint/ang_vel (gz.msgs.Double)] (Lazy 0)
[parameter_bridge-3] [INFO] [1784766485.499241419] [ros_gz_bridge]: Creating GZ->ROS Bridge: [/model/rexrov/joint/thruster8_joint/ang_vel (gz.msgs.Double) -> /model/rexrov/joint/thruster8_joint/ang_vel (std_msgs/msg/Float64)] (Lazy 0)
[parameter_bridge-3] [INFO] [1784766485.499680586] [ros_gz_bridge]: Creating ROS->GZ Bridge: [/model/rexrov/joint/thruster8_joint/ang_vel (std_msgs/msg/Float64) -> /model/rexrov/joint/thruster8_joint/ang_vel (gz.msgs.Double)] (Lazy 0)
[parameter_bridge-3] [INFO] [1784766485.500388503] [ros_gz_bridge]: Creating GZ->ROS Bridge: [/model/rexrov/joint/thruster1_joint/enable_deadband (gz.msgs.Boolean) -> /model/rexrov/joint/thruster1_joint/enable_deadband (std_msgs/msg/Bool)] (Lazy 0)
[parameter_bridge-3] [INFO] [1784766485.501148628] [ros_gz_bridge]: Creating ROS->GZ Bridge: [/model/rexrov/joint/thruster1_joint/enable_deadband (std_msgs/msg/Bool) -> /model/rexrov/joint/thruster1_joint/enable_deadband (gz.msgs.Boolean)] (Lazy 0)
[parameter_bridge-3] [INFO] [1784766485.502146378] [ros_gz_bridge]: Creating GZ->ROS Bridge: [/model/rexrov/joint/thruster2_joint/enable_deadband (gz.msgs.Boolean) -> /model/rexrov/joint/thruster2_joint/enable_deadband (std_msgs/msg/Bool)] (Lazy 0)
[parameter_bridge-3] [INFO] [1784766485.503166378] [ros_gz_bridge]: Creating ROS->GZ Bridge: [/model/rexrov/joint/thruster2_joint/enable_deadband (std_msgs/msg/Bool) -> /model/rexrov/joint/thruster2_joint/enable_deadband (gz.msgs.Boolean)] (Lazy 0)
[parameter_bridge-3] [INFO] [1784766485.504050669] [ros_gz_bridge]: Creating GZ->ROS Bridge: [/model/rexrov/joint/thruster3_joint/enable_deadband (gz.msgs.Boolean) -> /model/rexrov/joint/thruster3_joint/enable_deadband (std_msgs/msg/Bool)] (Lazy 0)
[parameter_bridge-3] [INFO] [1784766485.504801044] [ros_gz_bridge]: Creating ROS->GZ Bridge: [/model/rexrov/joint/thruster3_joint/enable_deadband (std_msgs/msg/Bool) -> /model/rexrov/joint/thruster3_joint/enable_deadband (gz.msgs.Boolean)] (Lazy 0)
[parameter_bridge-3] [INFO] [1784766485.505301336] [ros_gz_bridge]: Creating GZ->ROS Bridge: [/model/rexrov/joint/thruster4_joint/enable_deadband (gz.msgs.Boolean) -> /model/rexrov/joint/thruster4_joint/enable_deadband (std_msgs/msg/Bool)] (Lazy 0)
[parameter_bridge-3] [INFO] [1784766485.505897961] [ros_gz_bridge]: Creating ROS->GZ Bridge: [/model/rexrov/joint/thruster4_joint/enable_deadband (std_msgs/msg/Bool) -> /model/rexrov/joint/thruster4_joint/enable_deadband (gz.msgs.Boolean)] (Lazy 0)
[parameter_bridge-3] [INFO] [1784766485.506801503] [ros_gz_bridge]: Creating GZ->ROS Bridge: [/model/rexrov/joint/thruster5_joint/enable_deadband (gz.msgs.Boolean) -> /model/rexrov/joint/thruster5_joint/enable_deadband (std_msgs/msg/Bool)] (Lazy 0)
[parameter_bridge-3] [INFO] [1784766485.507363003] [ros_gz_bridge]: Creating ROS->GZ Bridge: [/model/rexrov/joint/thruster5_joint/enable_deadband (std_msgs/msg/Bool) -> /model/rexrov/joint/thruster5_joint/enable_deadband (gz.msgs.Boolean)] (Lazy 0)
[parameter_bridge-3] [INFO] [1784766485.507808044] [ros_gz_bridge]: Creating GZ->ROS Bridge: [/model/rexrov/joint/thruster6_joint/enable_deadband (gz.msgs.Boolean) -> /model/rexrov/joint/thruster6_joint/enable_deadband (std_msgs/msg/Bool)] (Lazy 0)
[parameter_bridge-3] [INFO] [1784766485.508077378] [ros_gz_bridge]: Creating ROS->GZ Bridge: [/model/rexrov/joint/thruster6_joint/enable_deadband (std_msgs/msg/Bool) -> /model/rexrov/joint/thruster6_joint/enable_deadband (gz.msgs.Boolean)] (Lazy 0)
[parameter_bridge-3] [INFO] [1784766485.508436961] [ros_gz_bridge]: Creating GZ->ROS Bridge: [/model/rexrov/joint/thruster7_joint/enable_deadband (gz.msgs.Boolean) -> /model/rexrov/joint/thruster7_joint/enable_deadband (std_msgs/msg/Bool)] (Lazy 0)
[parameter_bridge-3] [INFO] [1784766485.508986669] [ros_gz_bridge]: Creating ROS->GZ Bridge: [/model/rexrov/joint/thruster7_joint/enable_deadband (std_msgs/msg/Bool) -> /model/rexrov/joint/thruster7_joint/enable_deadband (gz.msgs.Boolean)] (Lazy 0)
[parameter_bridge-3] [INFO] [1784766485.511058336] [ros_gz_bridge]: Creating GZ->ROS Bridge: [/model/rexrov/joint/thruster8_joint/enable_deadband (gz.msgs.Boolean) -> /model/rexrov/joint/thruster8_joint/enable_deadband (std_msgs/msg/Bool)] (Lazy 0)
[parameter_bridge-3] [INFO] [1784766485.511597753] [ros_gz_bridge]: Creating ROS->GZ Bridge: [/model/rexrov/joint/thruster8_joint/enable_deadband (std_msgs/msg/Bool) -> /model/rexrov/joint/thruster8_joint/enable_deadband (gz.msgs.Boolean)] (Lazy 0)
[parameter_bridge-3] [INFO] [1784766485.512351878] [ros_gz_bridge]: Creating GZ->ROS Bridge: [/model/rexrov/odometry (gz.msgs.Odometry) -> /model/rexrov/odometry (nav_msgs/msg/Odometry)] (Lazy 0)
[parameter_bridge-3] [INFO] [1784766485.536125628] [ros_gz_bridge]: Creating ROS->GZ Bridge: [/model/rexrov/odometry (nav_msgs/msg/Odometry) -> /model/rexrov/odometry (gz.msgs.Odometry)] (Lazy 0)
[parameter_bridge-3] [INFO] [1784766485.537223753] [ros_gz_bridge]: Creating GZ->ROS Bridge: [/model/rexrov/odometry_with_covariance (gz.msgs.OdometryWithCovariance) -> /model/rexrov/odometry_with_covariance (nav_msgs/msg/Odometry)] (Lazy 0)
[parameter_bridge-3] [INFO] [1784766485.538303628] [ros_gz_bridge]: Creating ROS->GZ Bridge: [/model/rexrov/odometry_with_covariance (nav_msgs/msg/Odometry) -> /model/rexrov/odometry_with_covariance (gz.msgs.OdometryWithCovariance)] (Lazy 0)
[parameter_bridge-3] [INFO] [1784766485.539355419] [ros_gz_bridge]: Creating GZ->ROS Bridge: [/model/rexrov/pose (gz.msgs.Pose_V) -> /model/rexrov/pose (geometry_msgs/msg/PoseArray)] (Lazy 0)
[parameter_bridge-3] [INFO] [1784766485.542867628] [ros_gz_bridge]: Creating ROS->GZ Bridge: [/model/rexrov/pose (geometry_msgs/msg/PoseArray) -> /model/rexrov/pose (gz.msgs.Pose_V)] (Lazy 0)
[parameter_bridge-3] [INFO] [1784766485.545825461] [ros_gz_bridge]: Creating GZ->ROS Bridge: [/model/rexrov/imu (gz.msgs.IMU) -> /model/rexrov/imu (sensor_msgs/msg/Imu)] (Lazy 0)
[parameter_bridge-3] [INFO] [1784766485.901754628] [ros_gz_bridge]: Creating ROS->GZ Bridge: [/model/rexrov/imu (sensor_msgs/msg/Imu) -> /model/rexrov/imu (gz.msgs.IMU)] (Lazy 0)
[parameter_bridge-3] [INFO] [1784766485.907625753] [ros_gz_bridge]: Creating GZ->ROS Bridge: [/model/rexrov/magnetometer (gz.msgs.Magnetometer) -> /model/rexrov/magnetometer (sensor_msgs/msg/MagneticField)] (Lazy 0)
[parameter_bridge-3] [INFO] [1784766485.908293920] [ros_gz_bridge]: Creating ROS->GZ Bridge: [/model/rexrov/magnetometer (sensor_msgs/msg/MagneticField) -> /model/rexrov/magnetometer (gz.msgs.Magnetometer)] (Lazy 0)
[parameter_bridge-3] [INFO] [1784766485.909186670] [ros_gz_bridge]: Creating GZ->ROS Bridge: [/model/rexrov/camera/image (gz.msgs.Image) -> /model/rexrov/camera/image (sensor_msgs/msg/Image)] (Lazy 0)
[parameter_bridge-3] [INFO] [1784766485.909904961] [ros_gz_bridge]: Creating ROS->GZ Bridge: [/model/rexrov/camera/image (sensor_msgs/msg/Image) -> /model/rexrov/camera/image (gz.msgs.Image)] (Lazy 0)
[parameter_bridge-3] [INFO] [1784766485.920587211] [ros_gz_bridge]: Creating GZ->ROS Bridge: [/model/rexrov/camera/camera_info (gz.msgs.CameraInfo) -> /model/rexrov/camera/camera_info (sensor_msgs/msg/CameraInfo)] (Lazy 0)
[parameter_bridge-3] [INFO] [1784766485.922610045] [ros_gz_bridge]: Creating ROS->GZ Bridge: [/model/rexrov/camera/camera_info (sensor_msgs/msg/CameraInfo) -> /model/rexrov/camera/camera_info (gz.msgs.CameraInfo)] (Lazy 0)
[parameter_bridge-3] [INFO] [1784766489.727831963] [ros_gz_bridge]: Passing message from ROS std_msgs/msg/Float64 to Gazebo gz.msgs.Double (showing msg only once per type)
[parameter_bridge-3] [INFO] [1784766489.759921921] [ros_gz_bridge]: Passing message from ROS nav_msgs/msg/Odometry to Gazebo gz.msgs.Odometry (showing msg only once per type)
[parameter_bridge-3] [INFO] [1784766489.760064046] [ros_gz_bridge]: Passing message from ROS geometry_msgs/msg/PoseArray to Gazebo gz.msgs.Pose_V (showing msg only once per type)
[parameter_bridge-3] [INFO] [1784766489.760169588] [ros_gz_bridge]: Passing message from ROS sensor_msgs/msg/MagneticField to Gazebo gz.msgs.Magnetometer (showing msg only once per type)
[parameter_bridge-3] [INFO] [1784766489.760772338] [ros_gz_bridge]: Passing message from ROS nav_msgs/msg/Odometry to Gazebo gz.msgs.OdometryWithCovariance (showing msg only once per type)
[parameter_bridge-3] [INFO] [1784766494.210502590] [ros_gz_bridge]: Passing message from ROS sensor_msgs/msg/CameraInfo to Gazebo gz.msgs.CameraInfo (showing msg only once per type)
[parameter_bridge-3] [INFO] [1784766497.258568967] [ros_gz_bridge]: Passing message from ROS sensor_msgs/msg/Image to Gazebo gz.msgs.Image (showing msg only once per type)
[gazebo-1] Killed
[ERROR] [gazebo-1]: process has died [pid 12105, exit code 137, cmd 'ruby /opt/ros/lyrical/opt/gz_tools_vendor/bin/gz sim /home/docker/dave_ws/install/share/dave_worlds/worlds/dave_ocean_waves.world -s -r --force-version 10'].
