[INFO] [launch]: All log files can be found below /home/docker/.ros/log/2026-07-22-07-26-27-246820-67d4b1d39687-10107
[INFO] [launch]: Default logging verbosity is set to INFO
[INFO] [gazebo-1]: process started with pid [10111]
[INFO] [create-2]: process started with pid [10112]
[INFO] [parameter_bridge-3]: process started with pid [10114]
[INFO] [static_transform_publisher-4]: process started with pid [10115]
[create-2] [INFO] [1784705190.433045927] [ros_gz_sim]: Requesting list of world names.
[parameter_bridge-3] [INFO] [1784705190.477732844] [ros_gz_bridge]: Creating GZ->ROS Bridge: [/sensor/camera (gz.msgs.Image) -> /sensor/camera (sensor_msgs/msg/Image)] (Lazy 0)
[parameter_bridge-3] [INFO] [1784705190.494886011] [ros_gz_bridge]: Creating ROS->GZ Bridge: [/sensor/camera (sensor_msgs/msg/Image) -> /sensor/camera (gz.msgs.Image)] (Lazy 0)
[parameter_bridge-3] [INFO] [1784705190.501292053] [ros_gz_bridge]: Creating GZ->ROS Bridge: [/sensor/camera_info (gz.msgs.CameraInfo) -> /sensor/camera_info (sensor_msgs/msg/CameraInfo)] (Lazy 0)
[parameter_bridge-3] [INFO] [1784705190.527112594] [ros_gz_bridge]: Creating ROS->GZ Bridge: [/sensor/camera_info (sensor_msgs/msg/CameraInfo) -> /sensor/camera_info (gz.msgs.CameraInfo)] (Lazy 0)
[parameter_bridge-3] [INFO] [1784705190.533462719] [ros_gz_bridge]: Creating GZ->ROS Bridge: [/sensor/depth_camera (gz.msgs.Image) -> /sensor/depth_camera (sensor_msgs/msg/Image)] (Lazy 0)
[static_transform_publisher-4] [INFO] [1784705190.593383261] [static_transform_publisher_Pu3uARj5sDMzXhhp]: Spinning until stopped - publishing transform
[static_transform_publisher-4] translation: ('0.000000', '0.000000', '0.000000')
[static_transform_publisher-4] rotation: ('0.000000', '0.000000', '0.000000', '1.000000')
[static_transform_publisher-4] from 'world' to 'blueview_p900/blueview_p900_base_link/multibeam_sonar'
[parameter_bridge-3] [INFO] [1784705190.662795094] [ros_gz_bridge]: Creating ROS->GZ Bridge: [/sensor/depth_camera (sensor_msgs/msg/Image) -> /sensor/depth_camera (gz.msgs.Image)] (Lazy 0)
[parameter_bridge-3] [INFO] [1784705190.676240344] [ros_gz_bridge]: Creating GZ->ROS Bridge: [/sensor/multibeam_sonar/point_cloud (gz.msgs.PointCloudPacked) -> /sensor/multibeam_sonar/point_cloud (sensor_msgs/msg/PointCloud2)] (Lazy 0)
[create-2] [INFO] [1784705190.680032511] [ros_gz_sim]: Entity creation successful.
[parameter_bridge-3] [INFO] [1784705190.945816344] [ros_gz_bridge]: Creating ROS->GZ Bridge: [/sensor/multibeam_sonar/point_cloud (sensor_msgs/msg/PointCloud2) -> /sensor/multibeam_sonar/point_cloud (gz.msgs.PointCloudPacked)] (Lazy 0)
[INFO] [create-2]: process has finished cleanly [pid 10112]
[INFO] [launch.user]: Sensor Model Uploaded
[parameter_bridge-3] [INFO] [1784705191.039419594] [ros_gz_bridge]: Passing message from ROS sensor_msgs/msg/Image to Gazebo gz.msgs.Image (showing msg only once per type)
[parameter_bridge-3] [INFO] [1784705192.990021595] [ros_gz_bridge]: Passing message from ROS sensor_msgs/msg/CameraInfo to Gazebo gz.msgs.CameraInfo (showing msg only once per type)
