[INFO] [launch]: All log files can be found below /home/docker/.ros/log/2026-07-22-07-24-52-461298-67d4b1d39687-9818
[INFO] [launch]: Default logging verbosity is set to INFO
[INFO] [gazebo-1]: process started with pid [9831]
[gazebo-1] qt.qpa.xcb: could not connect to display 
[gazebo-1] qt.qpa.plugin: From 6.5.0, xcb-cursor0 or libxcb-cursor0 is needed to load the Qt xcb platform plugin.
[gazebo-1] qt.qpa.plugin: Could not load the Qt platform plugin "xcb" in "" even though it was found.
[gazebo-1] This application failed to start because no Qt platform plugin could be initialized. Reinstalling the application may fix this problem.
[gazebo-1] 
[gazebo-1] Available platform plugins are: minimal, minimalegl, eglfs, xcb, vnc, linuxfb, wayland-brcm, wayland-egl, wayland, vkkhrdisplay, offscreen.
[gazebo-1] 
[gazebo-1] Stack trace (most recent call last):
[gazebo-1] #19   Object "/usr/lib/aarch64-linux-gnu/ld-linux-aarch64.so.1", at 0xffffffffffffffff, in 
[gazebo-1] #18   Object "/opt/ros/lyrical/opt/gz_sim_vendor/libexec/gz/sim10/gz-sim-gui-client", at 0xaaaab817f36f, in 
[gazebo-1] #17   Source "../csu/libc-start.c", line 360, in __libc_start_main_impl [0xffffaef6305b]
[gazebo-1] #16   Source "../sysdeps/nptl/libc_start_call_main.h", line 59, in __libc_start_call_main [0xffffaef62f1b]
[gazebo-1] #15   Object "/opt/ros/lyrical/opt/gz_sim_vendor/libexec/gz/sim10/gz-sim-gui-client", at 0xaaaab817cb57, in 
[gazebo-1] #14   Object "/opt/ros/lyrical/opt/gz_sim_vendor/libexec/gz/sim10/gz-sim-gui-client", at 0xaaaab8189f57, in 
[gazebo-1] #13   Object "/opt/ros/lyrical/opt/gz_sim_vendor/libexec/gz/sim10/gz-sim-gui-client", at 0xaaaab81a7e9f, in 
[gazebo-1] #12   Object "/opt/ros/lyrical/opt/gz_sim_vendor/lib/libgz-sim-gui.so.10.4.0", at 0xffffb0003463, in gz::sim::v10::gui::runGui(int&, char**, char const*, char const*, int, char const*, char const*)
[gazebo-1] #11   Object "/opt/ros/lyrical/opt/gz_sim_vendor/lib/libgz-sim-gui.so.10.4.0", at 0xffffb000069b, in gz::sim::v10::gui::createGui(int&, char**, char const*, char const*, bool, char const*, int, char const*, char const*)
[gazebo-1] #10   Object "/opt/ros/lyrical/opt/gz_gui_vendor/lib/libgz-gui.so.10.0.0", at 0xffffaecef597, in gz::gui::Application::Application(int&, char**, gz::gui::WindowType, char const*)
[gazebo-1] #9    Object "/usr/lib/aarch64-linux-gnu/libQt6Widgets.so.6.10.2", at 0xffffae68a4f7, in QApplicationPrivate::init()
[gazebo-1] #8    Object "/usr/lib/aarch64-linux-gnu/libQt6Gui.so.6.10.2", at 0xffffad14471f, in QGuiApplicationPrivate::init()
[gazebo-1] #7    Object "/usr/lib/aarch64-linux-gnu/libQt6Core.so.6.10.2", at 0xffffaf556f1f, in QCoreApplicationPrivate::init()
[gazebo-1] #6    Object "/usr/lib/aarch64-linux-gnu/libQt6Gui.so.6.10.2", at 0xffffad144637, in QGuiApplicationPrivate::createEventDispatcher()
[gazebo-1] #5    Object "/usr/lib/aarch64-linux-gnu/libQt6Gui.so.6.10.2", at 0xffffad143857, in QGuiApplicationPrivate::createPlatformIntegration()
[gazebo-1] #4    Object "/usr/lib/aarch64-linux-gnu/libQt6Core.so.6.10.2", at 0xffffaf4b0437, in QMessageLogger::fatal(char const*, ...) const
[gazebo-1] #3    Object "/usr/lib/aarch64-linux-gnu/libQt6Core.so.6.10.2", at 0xffffaf4d3f5b, in 
[gazebo-1] #2    Source "./stdlib/abort.c", line 77, in abort [0xffffaef6271f]
[gazebo-1] #1    Source "../sysdeps/posix/raise.c", line 26, in raise [0xffffaef785fb]
[gazebo-1] #0    Source "./nptl/pthread_kill.c", line 44, in __pthread_kill_implementation [0xffffaefce13c]
[gazebo-1] Aborted (Signal sent by tkill() 9837 1001)
[gazebo-1] Aborted
[INFO] [gazebo-1]: process has finished cleanly [pid 9831]
